Payload prepare run started at 2026-06-24 03:00:00
WEB_DIR=/home/cells/web
CLIENT_LIMIT=300
ASER_CLIENT_LIMIT=300
PAYLOAD_LIMIT=300
============================================================
[2026-06-24 03:00:00] START: COLIBRI missing client details
CMD: sudo -u apache /usr/bin/php www/scripts/mvp/app/Forwarder/run_package_details.php --connector-id=2 --source=missing-clients --limit=300
============================================================
{
    "status": "ok",
    "connector_id": 2,
    "connector_key": "colibri_az",
    "source": "missing-clients",
    "processed": 298,
    "touched": 298,
    "complete": 0,
    "partial": 0,
    "nodata": 1,
    "skipped": 0,
    "errors": 297,
    "first_errors": [
        "client_id=417184 track=00340434269766740951: package_exist=false",
        "client_id=417187 track=H1025022883996101044: package_exist=false",
        "client_id=417188 track=374592086438: package_exist=false",
        "client_id=417193 track=H1024562864150401044: package_exist=false",
        "client_id=417198 track=H1025022885185301044: package_exist=false",
        "client_id=417201 track=00340434662879963574: package_exist=false",
        "client_id=417203 track=H1025022968382801044: package_exist=false",
        "client_id=417204 track=H1024563170613801044: package_exist=false",
        "client_id=417205 track=00340434491009307724: package_exist=false",
        "client_id=417211 track=00340434793282744815: package_exist=false"
    ]
}
[2026-06-24 03:02:41] END: COLIBRI missing client details, rc=0
============================================================
[2026-06-24 03:02:41] START: ASER missing client details
CMD: sudo -u apache /usr/bin/php www/scripts/mvp/app/Forwarder/run_package_details.php --connector-id=7 --source=missing-clients --limit=300
============================================================
{
    "status": "ok",
    "connector_id": 7,
    "connector_key": "aser_az",
    "source": "missing-clients",
    "processed": 0,
    "touched": 0,
    "complete": 0,
    "partial": 0,
    "nodata": 0,
    "skipped": 0,
    "errors": 0,
    "first_errors": []
}
[2026-06-24 03:02:42] END: ASER missing client details, rc=0
============================================================
[2026-06-24 03:02:42] START: COLIBRI warehouse label payloads
CMD: sudo -u apache /usr/bin/php www/scripts/warehouse/prepare_out_label_payloads.php --connector-id=2 --limit=300
============================================================
{
    "status": "ok",
    "processed": 0,
    "ready": 0,
    "partial": 0,
    "errors": 0
}
[2026-06-24 03:02:42] END: COLIBRI warehouse label payloads, rc=0
============================================================
[2026-06-24 03:02:42] START: ASER warehouse label payloads
CMD: sudo -u apache /usr/bin/php www/scripts/warehouse/prepare_out_label_payloads.php --connector-id=7 --limit=300
============================================================
{
    "status": "ok",
    "processed": 0,
    "ready": 0,
    "partial": 0,
    "errors": 0
}
[2026-06-24 03:02:42] END: ASER warehouse label payloads, rc=0
============================================================
Finished. Failed steps: 0
Log: /home/cells/web/storage/logs/payload_prepare_20260624_030000.log
============================================================
