Payload prepare run started at 2026-06-21 20:00:00
WEB_DIR=/home/cells/web
CLIENT_LIMIT=300
ASER_CLIENT_LIMIT=300
PAYLOAD_LIMIT=300
============================================================
[2026-06-21 20:00:00] START: COLIBRI missing client details
CMD: sudo -u apache /usr/bin/php www/scripts/mvp/app/Forwarder/run_package_details.php --connector-id=2 --source=missing-clients --limit=300
============================================================
{
    "status": "ok",
    "connector_id": 2,
    "connector_key": "colibri_az",
    "source": "missing-clients",
    "processed": 77,
    "touched": 77,
    "complete": 0,
    "partial": 0,
    "nodata": 0,
    "skipped": 0,
    "errors": 77,
    "first_errors": [
        "client_id=140872 track=H1025022963050801044: package_exist=false",
        "client_id=140917 track=574206347788: package_exist=false",
        "client_id=140969 track=H1000844862425101044: package_exist=false",
        "client_id=140981 track=155630850799: package_exist=false",
        "client_id=140999 track=26148144400138: package_exist=false",
        "client_id=141045 track=00340435063970722609: package_exist=false",
        "client_id=141133 track=00340435095878107479: package_exist=false",
        "client_id=141183 track=00340434615850766817: package_exist=false",
        "client_id=141195 track=00340434491009503652: package_exist=false",
        "client_id=141225 track=00340434293252344491: package_exist=false"
    ]
}
[2026-06-21 20:00:41] END: COLIBRI missing client details, rc=0
============================================================
[2026-06-21 20:00:41] START: ASER missing client details
CMD: sudo -u apache /usr/bin/php www/scripts/mvp/app/Forwarder/run_package_details.php --connector-id=7 --source=missing-clients --limit=300
============================================================
{
    "status": "ok",
    "connector_id": 7,
    "connector_key": "aser_az",
    "source": "missing-clients",
    "processed": 0,
    "touched": 0,
    "complete": 0,
    "partial": 0,
    "nodata": 0,
    "skipped": 0,
    "errors": 0,
    "first_errors": []
}
[2026-06-21 20:00:42] END: ASER missing client details, rc=0
============================================================
[2026-06-21 20:00:42] START: COLIBRI warehouse label payloads
CMD: sudo -u apache /usr/bin/php www/scripts/warehouse/prepare_out_label_payloads.php --connector-id=2 --limit=300
============================================================
{
    "status": "ok",
    "processed": 0,
    "ready": 0,
    "partial": 0,
    "errors": 0
}
[2026-06-21 20:00:42] END: COLIBRI warehouse label payloads, rc=0
============================================================
[2026-06-21 20:00:42] START: ASER warehouse label payloads
CMD: sudo -u apache /usr/bin/php www/scripts/warehouse/prepare_out_label_payloads.php --connector-id=7 --limit=300
============================================================
{
    "status": "ok",
    "processed": 0,
    "ready": 0,
    "partial": 0,
    "errors": 0
}
[2026-06-21 20:00:42] END: ASER warehouse label payloads, rc=0
============================================================
Finished. Failed steps: 0
Log: /home/cells/web/storage/logs/payload_prepare_20260621_200000.log
============================================================
