Payload prepare run started at 2026-06-20 16:30:00
WEB_DIR=/home/cells/web
CLIENT_LIMIT=300
ASER_CLIENT_LIMIT=300
PAYLOAD_LIMIT=300
============================================================
[2026-06-20 16:30:00] START: COLIBRI missing client details
CMD: sudo -u apache /usr/bin/php www/scripts/mvp/app/Forwarder/run_package_details.php --connector-id=2 --source=missing-clients --limit=300
============================================================
{
    "status": "ok",
    "connector_id": 2,
    "connector_key": "colibri_az",
    "source": "missing-clients",
    "processed": 277,
    "touched": 277,
    "complete": 0,
    "partial": 0,
    "nodata": 0,
    "skipped": 0,
    "errors": 277,
    "first_errors": [
        "client_id=111209 track=015916971318: package_exist=false",
        "client_id=111223 track=H1024563025792001044: package_exist=false",
        "client_id=111238 track=H1023311130309501044: package_exist=false",
        "client_id=111256 track=00340434284673173968: package_exist=false",
        "client_id=111295 track=H1033610100481301044: package_exist=false",
        "client_id=111317 track=00340434153942184328: package_exist=false",
        "client_id=111327 track=JJD014600012519207958: package_exist=false",
        "client_id=111335 track=00340434510214205059: package_exist=false",
        "client_id=111401 track=H1024563137979301044: package_exist=false",
        "client_id=111447 track=%006454608448872579522136276: package_exist=false"
    ]
}
[2026-06-20 16:32:20] END: COLIBRI missing client details, rc=0
============================================================
[2026-06-20 16:32:20] START: ASER missing client details
CMD: sudo -u apache /usr/bin/php www/scripts/mvp/app/Forwarder/run_package_details.php --connector-id=7 --source=missing-clients --limit=300
============================================================
{
    "status": "ok",
    "connector_id": 7,
    "connector_key": "aser_az",
    "source": "missing-clients",
    "processed": 0,
    "touched": 0,
    "complete": 0,
    "partial": 0,
    "nodata": 0,
    "skipped": 0,
    "errors": 0,
    "first_errors": []
}
[2026-06-20 16:32:20] END: ASER missing client details, rc=0
============================================================
[2026-06-20 16:32:20] START: COLIBRI warehouse label payloads
CMD: sudo -u apache /usr/bin/php www/scripts/warehouse/prepare_out_label_payloads.php --connector-id=2 --limit=300
============================================================
{
    "status": "ok",
    "processed": 0,
    "ready": 0,
    "partial": 0,
    "errors": 0
}
[2026-06-20 16:32:20] END: COLIBRI warehouse label payloads, rc=0
============================================================
[2026-06-20 16:32:20] START: ASER warehouse label payloads
CMD: sudo -u apache /usr/bin/php www/scripts/warehouse/prepare_out_label_payloads.php --connector-id=7 --limit=300
============================================================
{
    "status": "ok",
    "processed": 0,
    "ready": 0,
    "partial": 0,
    "errors": 0
}
[2026-06-20 16:32:20] END: ASER warehouse label payloads, rc=0
============================================================
Finished. Failed steps: 0
Log: /home/cells/web/storage/logs/payload_prepare_20260620_163000.log
============================================================
