Payload prepare run started at 2026-06-22 19:00:00
WEB_DIR=/home/cells/web
CLIENT_LIMIT=300
ASER_CLIENT_LIMIT=300
PAYLOAD_LIMIT=300
============================================================
[2026-06-22 19:00:00] START: COLIBRI missing client details
CMD: sudo -u apache /usr/bin/php www/scripts/mvp/app/Forwarder/run_package_details.php --connector-id=2 --source=missing-clients --limit=300
============================================================
{
    "status": "ok",
    "connector_id": 2,
    "connector_key": "colibri_az",
    "source": "missing-clients",
    "processed": 81,
    "touched": 81,
    "complete": 2,
    "partial": 0,
    "nodata": 0,
    "skipped": 0,
    "errors": 79,
    "first_errors": [
        "client_id=131475 track=%006454604011277306540101276: package_exist=false",
        "client_id=131484 track=00340434714633187709: package_exist=false",
        "client_id=131509 track=1221590060310931684200889193643223: package_exist=false",
        "client_id=131543 track=H1004260017042201044: package_exist=false",
        "client_id=131610 track=579348566626: package_exist=false",
        "client_id=131659 track=H1000410041692901044: package_exist=false",
        "client_id=131726 track=00340434281051062050: package_exist=false",
        "client_id=131745 track=70133144904312: package_exist=false",
        "client_id=131766 track=354480422401: package_exist=false",
        "client_id=131783 track=00340434516822378741: package_exist=false"
    ]
}
[2026-06-22 19:00:40] END: COLIBRI missing client details, rc=0
============================================================
[2026-06-22 19:00:40] START: ASER missing client details
CMD: sudo -u apache /usr/bin/php www/scripts/mvp/app/Forwarder/run_package_details.php --connector-id=7 --source=missing-clients --limit=300
============================================================
{
    "status": "ok",
    "connector_id": 7,
    "connector_key": "aser_az",
    "source": "missing-clients",
    "processed": 1,
    "touched": 1,
    "complete": 1,
    "partial": 0,
    "nodata": 0,
    "skipped": 0,
    "errors": 0,
    "first_errors": []
}
[2026-06-22 19:00:42] END: ASER missing client details, rc=0
============================================================
[2026-06-22 19:00:42] START: COLIBRI warehouse label payloads
CMD: sudo -u apache /usr/bin/php www/scripts/warehouse/prepare_out_label_payloads.php --connector-id=2 --limit=300
============================================================
{
    "status": "ok",
    "processed": 0,
    "ready": 0,
    "partial": 0,
    "errors": 0
}
[2026-06-22 19:00:42] END: COLIBRI warehouse label payloads, rc=0
============================================================
[2026-06-22 19:00:42] START: ASER warehouse label payloads
CMD: sudo -u apache /usr/bin/php www/scripts/warehouse/prepare_out_label_payloads.php --connector-id=7 --limit=300
============================================================
{
    "status": "ok",
    "processed": 0,
    "ready": 0,
    "partial": 0,
    "errors": 0
}
[2026-06-22 19:00:42] END: ASER warehouse label payloads, rc=0
============================================================
Finished. Failed steps: 0
Log: /home/cells/web/storage/logs/payload_prepare_20260622_190000.log
============================================================
