Payload prepare run started at 2026-06-25 02:00:00
WEB_DIR=/home/cells/web
CLIENT_LIMIT=300
ASER_CLIENT_LIMIT=300
PAYLOAD_LIMIT=300
============================================================
[2026-06-25 02:00:00] START: COLIBRI missing client details
CMD: sudo -u apache /usr/bin/php www/scripts/mvp/app/Forwarder/run_package_details.php --connector-id=2 --source=missing-clients --limit=300
============================================================
{
    "status": "ok",
    "connector_id": 2,
    "connector_key": "colibri_az",
    "source": "missing-clients",
    "processed": 294,
    "touched": 294,
    "complete": 1,
    "partial": 0,
    "nodata": 0,
    "skipped": 0,
    "errors": 293,
    "first_errors": [
        "client_id=188445 track=H1024563241014901044: package_exist=false",
        "client_id=188461 track=DE5443425601: package_exist=false",
        "client_id=188463 track=00340434662879152626: package_exist=false",
        "client_id=188471 track=81141144631912: package_exist=false",
        "client_id=188472 track=00340434615851399083: package_exist=false",
        "client_id=188488 track=00340434391946410696: package_exist=false",
        "client_id=188494 track=H1024563314684601044: package_exist=false",
        "client_id=188497 track=H1024563253985201044: package_exist=false",
        "client_id=188501 track=00340434293251968995: package_exist=false",
        "client_id=188503 track=00340434636263343075: package_exist=false"
    ]
}
[2026-06-25 02:02:35] END: COLIBRI missing client details, rc=0
============================================================
[2026-06-25 02:02:35] START: ASER missing client details
CMD: sudo -u apache /usr/bin/php www/scripts/mvp/app/Forwarder/run_package_details.php --connector-id=7 --source=missing-clients --limit=300
============================================================
{
    "status": "ok",
    "connector_id": 7,
    "connector_key": "aser_az",
    "source": "missing-clients",
    "processed": 134,
    "touched": 134,
    "complete": 1,
    "partial": 0,
    "nodata": 0,
    "skipped": 0,
    "errors": 133,
    "first_errors": [
        "client_id=245149 track=00340434380845072470: package_exist=false",
        "client_id=245171 track=015916097801: package_exist=false",
        "client_id=245174 track=00340434662889187113: package_exist=false",
        "client_id=245342 track=00340434619003789135: package_exist=false",
        "client_id=245550 track=00340434729761946005: package_exist=false",
        "client_id=245583 track=357815993308: package_exist=false",
        "client_id=245608 track=00340434714625540543: package_exist=false",
        "client_id=245630 track=00340434725169717629: package_exist=false",
        "client_id=245631 track=00340434370795841356: package_exist=false",
        "client_id=245727 track=00340434323883287314: package_exist=false"
    ]
}
[2026-06-25 02:03:31] END: ASER missing client details, rc=0
============================================================
[2026-06-25 02:03:31] START: COLIBRI warehouse label payloads
CMD: sudo -u apache /usr/bin/php www/scripts/warehouse/prepare_out_label_payloads.php --connector-id=2 --limit=300
============================================================
{
    "status": "ok",
    "processed": 0,
    "ready": 0,
    "partial": 0,
    "errors": 0
}
[2026-06-25 02:03:31] END: COLIBRI warehouse label payloads, rc=0
============================================================
[2026-06-25 02:03:31] START: ASER warehouse label payloads
CMD: sudo -u apache /usr/bin/php www/scripts/warehouse/prepare_out_label_payloads.php --connector-id=7 --limit=300
============================================================
{
    "status": "ok",
    "processed": 0,
    "ready": 0,
    "partial": 0,
    "errors": 0
}
[2026-06-25 02:03:31] END: ASER warehouse label payloads, rc=0
============================================================
Finished. Failed steps: 0
Log: /home/cells/web/storage/logs/payload_prepare_20260625_020000.log
============================================================
