Payload prepare run started at 2026-06-26 01:30:00
WEB_DIR=/home/cells/web
CLIENT_LIMIT=300
ASER_CLIENT_LIMIT=300
PAYLOAD_LIMIT=300
============================================================
[2026-06-26 01:30:01] START: COLIBRI missing client details
CMD: sudo -u apache /usr/bin/php www/scripts/mvp/app/Forwarder/run_package_details.php --connector-id=2 --source=missing-clients --limit=300
============================================================
{
    "status": "ok",
    "connector_id": 2,
    "connector_key": "colibri_az",
    "source": "missing-clients",
    "processed": 284,
    "touched": 284,
    "complete": 2,
    "partial": 0,
    "nodata": 0,
    "skipped": 0,
    "errors": 282,
    "first_errors": [
        "client_id=179280 track=00340434694760966975: package_exist=false",
        "client_id=179287 track=H1024563047237001044: package_exist=false",
        "client_id=179334 track=H1024563077528001044: package_exist=false",
        "client_id=179360 track=00340434298178126923: package_exist=false",
        "client_id=179374 track=%006454611766852914329327276: package_exist=false",
        "client_id=179398 track=DE5462065589: package_exist=false",
        "client_id=179401 track=H1024563250003701044: package_exist=false",
        "client_id=179457 track=DE5473232984: package_exist=false",
        "client_id=179497 track=%006454613409333281138101276: package_exist=false",
        "client_id=179511 track=00340434731239378812: package_exist=false"
    ]
}
[2026-06-26 01:32:28] END: COLIBRI missing client details, rc=0
============================================================
[2026-06-26 01:32:28] START: ASER missing client details
CMD: sudo -u apache /usr/bin/php www/scripts/mvp/app/Forwarder/run_package_details.php --connector-id=7 --source=missing-clients --limit=300
============================================================
{
    "status": "ok",
    "connector_id": 7,
    "connector_key": "aser_az",
    "source": "missing-clients",
    "processed": 97,
    "touched": 97,
    "complete": 1,
    "partial": 0,
    "nodata": 0,
    "skipped": 0,
    "errors": 96,
    "first_errors": [
        "client_id=224627 track=H1024571262425201044: package_exist=false",
        "client_id=224634 track=00340434691125658803: package_exist=false",
        "client_id=224643 track=155631599144: package_exist=false",
        "client_id=224645 track=H1024563168695701044: package_exist=false",
        "client_id=224717 track=H1025022978823501044: package_exist=false",
        "client_id=224723 track=H1025023022263501044: package_exist=false",
        "client_id=224726 track=121174696017: package_exist=false",
        "client_id=224843 track=00340434188835641886: package_exist=false",
        "client_id=224890 track=358601591671: package_exist=false",
        "client_id=224899 track=H1024563176919201044: package_exist=false"
    ]
}
[2026-06-26 01:33:07] END: ASER missing client details, rc=0
============================================================
[2026-06-26 01:33:07] START: COLIBRI warehouse label payloads
CMD: sudo -u apache /usr/bin/php www/scripts/warehouse/prepare_out_label_payloads.php --connector-id=2 --limit=300
============================================================
{
    "status": "ok",
    "processed": 0,
    "ready": 0,
    "partial": 0,
    "errors": 0
}
[2026-06-26 01:33:07] END: COLIBRI warehouse label payloads, rc=0
============================================================
[2026-06-26 01:33:07] START: ASER warehouse label payloads
CMD: sudo -u apache /usr/bin/php www/scripts/warehouse/prepare_out_label_payloads.php --connector-id=7 --limit=300
============================================================
{
    "status": "ok",
    "processed": 0,
    "ready": 0,
    "partial": 0,
    "errors": 0
}
[2026-06-26 01:33:07] END: ASER warehouse label payloads, rc=0
============================================================
Finished. Failed steps: 0
Log: /home/cells/web/storage/logs/payload_prepare_20260626_013000.log
============================================================
