Payload prepare run started at 2026-06-23 23:00:00
WEB_DIR=/home/cells/web
CLIENT_LIMIT=300
ASER_CLIENT_LIMIT=300
PAYLOAD_LIMIT=300
============================================================
[2026-06-23 23:00:00] START: COLIBRI missing client details
CMD: sudo -u apache /usr/bin/php www/scripts/mvp/app/Forwarder/run_package_details.php --connector-id=2 --source=missing-clients --limit=300
============================================================
{
    "status": "ok",
    "connector_id": 2,
    "connector_key": "colibri_az",
    "source": "missing-clients",
    "processed": 292,
    "touched": 292,
    "complete": 1,
    "partial": 0,
    "nodata": 0,
    "skipped": 0,
    "errors": 291,
    "first_errors": [
        "client_id=154796 track=00340434669634697071: package_exist=false",
        "client_id=154832 track=00340434797615867127: package_exist=false",
        "client_id=154841 track=JJATA8225985001156181: package_exist=false",
        "client_id=154883 track=015915225639: package_exist=false",
        "client_id=154909 track=1221590051810931684200888730527080: package_exist=false",
        "client_id=154963 track=10654659432: package_exist=false",
        "client_id=155018 track=00340434634684861086: package_exist=false",
        "client_id=155108 track=H1029070531413301044: package_exist=false",
        "client_id=155169 track=00340434799608661569: package_exist=false",
        "client_id=155174 track=00340434515539066330: package_exist=false"
    ]
}
[2026-06-23 23:02:47] END: COLIBRI missing client details, rc=0
============================================================
[2026-06-23 23:02:47] START: ASER missing client details
CMD: sudo -u apache /usr/bin/php www/scripts/mvp/app/Forwarder/run_package_details.php --connector-id=7 --source=missing-clients --limit=300
============================================================
{
    "status": "ok",
    "connector_id": 7,
    "connector_key": "aser_az",
    "source": "missing-clients",
    "processed": 0,
    "touched": 0,
    "complete": 0,
    "partial": 0,
    "nodata": 0,
    "skipped": 0,
    "errors": 0,
    "first_errors": []
}
[2026-06-23 23:02:47] END: ASER missing client details, rc=0
============================================================
[2026-06-23 23:02:47] START: COLIBRI warehouse label payloads
CMD: sudo -u apache /usr/bin/php www/scripts/warehouse/prepare_out_label_payloads.php --connector-id=2 --limit=300
============================================================
{
    "status": "ok",
    "processed": 0,
    "ready": 0,
    "partial": 0,
    "errors": 0
}
[2026-06-23 23:02:48] END: COLIBRI warehouse label payloads, rc=0
============================================================
[2026-06-23 23:02:48] START: ASER warehouse label payloads
CMD: sudo -u apache /usr/bin/php www/scripts/warehouse/prepare_out_label_payloads.php --connector-id=7 --limit=300
============================================================
{
    "status": "ok",
    "processed": 0,
    "ready": 0,
    "partial": 0,
    "errors": 0
}
[2026-06-23 23:02:48] END: ASER warehouse label payloads, rc=0
============================================================
Finished. Failed steps: 0
Log: /home/cells/web/storage/logs/payload_prepare_20260623_230000.log
============================================================
