Payload prepare run started at 2026-06-21 00:30:00
WEB_DIR=/home/cells/web
CLIENT_LIMIT=300
ASER_CLIENT_LIMIT=300
PAYLOAD_LIMIT=300
============================================================
[2026-06-21 00:30:00] START: COLIBRI missing client details
CMD: sudo -u apache /usr/bin/php www/scripts/mvp/app/Forwarder/run_package_details.php --connector-id=2 --source=missing-clients --limit=300
============================================================
{
    "status": "ok",
    "connector_id": 2,
    "connector_key": "colibri_az",
    "source": "missing-clients",
    "processed": 300,
    "touched": 300,
    "complete": 0,
    "partial": 0,
    "nodata": 0,
    "skipped": 0,
    "errors": 300,
    "first_errors": [
        "client_id=192629 track=%006454611766851941100327276: package_exist=false",
        "client_id=192633 track=00340434731243399643: package_exist=false",
        "client_id=192635 track=H1032070655374801044: package_exist=false",
        "client_id=192644 track=00340434391951171971: package_exist=false",
        "client_id=192648 track=00340434799603673611: package_exist=false",
        "client_id=192656 track=00340434510199268377: package_exist=false",
        "client_id=192657 track=00340434714589205199: package_exist=false",
        "client_id=192658 track=00340434783748102457: package_exist=false",
        "client_id=192682 track=00340433911511496460: package_exist=false",
        "client_id=192692 track=H1033370001585701044: package_exist=false"
    ]
}
[2026-06-21 00:32:33] END: COLIBRI missing client details, rc=0
============================================================
[2026-06-21 00:32:33] START: ASER missing client details
CMD: sudo -u apache /usr/bin/php www/scripts/mvp/app/Forwarder/run_package_details.php --connector-id=7 --source=missing-clients --limit=300
============================================================
{
    "status": "ok",
    "connector_id": 7,
    "connector_key": "aser_az",
    "source": "missing-clients",
    "processed": 8,
    "touched": 8,
    "complete": 0,
    "partial": 0,
    "nodata": 0,
    "skipped": 0,
    "errors": 8,
    "first_errors": [
        "client_id=250619 track=00340434497179742365: package_exist=false",
        "client_id=250622 track=155631737794: package_exist=false",
        "client_id=250733 track=00340434760825532703: package_exist=false",
        "client_id=250814 track=H1024551522413301044: package_exist=false",
        "client_id=250858 track=%006454601106815306669328276: package_exist=false",
        "client_id=250881 track=00340434121259124634: package_exist=false",
        "client_id=251001 track=00340434315402008357: package_exist=false",
        "client_id=251135 track=09160144303328: package_exist=false"
    ]
}
[2026-06-21 00:32:36] END: ASER missing client details, rc=0
============================================================
[2026-06-21 00:32:36] START: COLIBRI warehouse label payloads
CMD: sudo -u apache /usr/bin/php www/scripts/warehouse/prepare_out_label_payloads.php --connector-id=2 --limit=300
============================================================
{
    "status": "ok",
    "processed": 0,
    "ready": 0,
    "partial": 0,
    "errors": 0
}
[2026-06-21 00:32:36] END: COLIBRI warehouse label payloads, rc=0
============================================================
[2026-06-21 00:32:36] START: ASER warehouse label payloads
CMD: sudo -u apache /usr/bin/php www/scripts/warehouse/prepare_out_label_payloads.php --connector-id=7 --limit=300
============================================================
{
    "status": "ok",
    "processed": 0,
    "ready": 0,
    "partial": 0,
    "errors": 0
}
[2026-06-21 00:32:37] END: ASER warehouse label payloads, rc=0
============================================================
Finished. Failed steps: 0
Log: /home/cells/web/storage/logs/payload_prepare_20260621_003000.log
============================================================
