Payload prepare run started at 2026-06-23 22:00:00
WEB_DIR=/home/cells/web
CLIENT_LIMIT=300
ASER_CLIENT_LIMIT=300
PAYLOAD_LIMIT=300
============================================================
[2026-06-23 22:00:00] START: COLIBRI missing client details
CMD: sudo -u apache /usr/bin/php www/scripts/mvp/app/Forwarder/run_package_details.php --connector-id=2 --source=missing-clients --limit=300
============================================================
{
    "status": "ok",
    "connector_id": 2,
    "connector_key": "colibri_az",
    "source": "missing-clients",
    "processed": 88,
    "touched": 88,
    "complete": 1,
    "partial": 0,
    "nodata": 0,
    "skipped": 0,
    "errors": 87,
    "first_errors": [
        "client_id=146193 track=00340434697258946909: package_exist=false",
        "client_id=146194 track=00340434697257467542: package_exist=false",
        "client_id=146209 track=H1024563089580501044: package_exist=false",
        "client_id=146250 track=H1025022937843401044: package_exist=false",
        "client_id=146260 track=364236584482: package_exist=false",
        "client_id=146261 track=H1032310392930201044: package_exist=false",
        "client_id=146302 track=443153860492: package_exist=false",
        "client_id=146342 track=JJD149024440154000071952: package_exist=false",
        "client_id=146366 track=00340434697982011416: package_exist=false",
        "client_id=146376 track=10654659654: package_exist=false"
    ]
}
[2026-06-23 22:00:48] END: COLIBRI missing client details, rc=0
============================================================
[2026-06-23 22:00:48] START: ASER missing client details
CMD: sudo -u apache /usr/bin/php www/scripts/mvp/app/Forwarder/run_package_details.php --connector-id=7 --source=missing-clients --limit=300
============================================================
{
    "status": "ok",
    "connector_id": 7,
    "connector_key": "aser_az",
    "source": "missing-clients",
    "processed": 0,
    "touched": 0,
    "complete": 0,
    "partial": 0,
    "nodata": 0,
    "skipped": 0,
    "errors": 0,
    "first_errors": []
}
[2026-06-23 22:00:49] END: ASER missing client details, rc=0
============================================================
[2026-06-23 22:00:49] START: COLIBRI warehouse label payloads
CMD: sudo -u apache /usr/bin/php www/scripts/warehouse/prepare_out_label_payloads.php --connector-id=2 --limit=300
============================================================
{
    "status": "ok",
    "processed": 0,
    "ready": 0,
    "partial": 0,
    "errors": 0
}
[2026-06-23 22:00:49] END: COLIBRI warehouse label payloads, rc=0
============================================================
[2026-06-23 22:00:49] START: ASER warehouse label payloads
CMD: sudo -u apache /usr/bin/php www/scripts/warehouse/prepare_out_label_payloads.php --connector-id=7 --limit=300
============================================================
{
    "status": "ok",
    "processed": 0,
    "ready": 0,
    "partial": 0,
    "errors": 0
}
[2026-06-23 22:00:49] END: ASER warehouse label payloads, rc=0
============================================================
Finished. Failed steps: 0
Log: /home/cells/web/storage/logs/payload_prepare_20260623_220000.log
============================================================
