============================================================
[2026-06-19 17:30:00] START: Colibri missing client details
CMD: sudo -u apache /usr/bin/php www/scripts/mvp/app/Forwarder/run_package_details.php --connector-id=2 --source=missing-clients --limit=100
============================================================
{
    "status": "ok",
    "connector_id": 2,
    "connector_key": "colibri_az",
    "source": "missing-clients",
    "processed": 100,
    "updated": 100,
    "complete": 20,
    "partial": 1,
    "nodata": 0,
    "skipped": 0,
    "errors": 79,
    "first_errors": [
        "client_id=131436 track=H1027161400796701044: package_exist=false",
        "client_id=131475 track=%006454604011277306540101276: package_exist=false",
        "client_id=131484 track=00340434714633187709: package_exist=false",
        "client_id=131509 track=1221590060310931684200889193643223: package_exist=false",
        "client_id=131543 track=H1004260017042201044: package_exist=false",
        "client_id=131610 track=579348566626: package_exist=false",
        "client_id=131659 track=H1000410041692901044: package_exist=false",
        "client_id=131726 track=00340434281051062050: package_exist=false",
        "client_id=131745 track=70133144904312: package_exist=false",
        "client_id=131766 track=354480422401: package_exist=false"
    ]
}
[2026-06-19 17:30:47] END: Colibri missing client details, rc=0
============================================================
[2026-06-19 17:30:47] START: Colibri warehouse label payloads
CMD: sudo -u apache /usr/bin/php www/scripts/warehouse/prepare_out_label_payloads.php --connector-id=2 --limit=100
============================================================
{
    "status": "ok",
    "processed": 1,
    "ready": 0,
    "partial": 1,
    "errors": 0
}
[2026-06-19 17:30:48] END: Colibri warehouse label payloads, rc=0
============================================================
[2026-06-19 17:30:48] START: ASER warehouse label payloads
CMD: sudo -u apache /usr/bin/php www/scripts/warehouse/prepare_out_label_payloads.php --connector-id=7 --limit=100
============================================================
{
    "status": "ok",
    "processed": 1,
    "ready": 0,
    "partial": 1,
    "errors": 0
}
[2026-06-19 17:30:48] END: ASER warehouse label payloads, rc=0
============================================================
Finished. Failed steps: 0
Log: /home/cells/web/storage/logs/payload_prepare_20260619_173000.log
============================================================
