Payload prepare run started at 2026-06-25 03:00:00
WEB_DIR=/home/cells/web
CLIENT_LIMIT=300
ASER_CLIENT_LIMIT=300
PAYLOAD_LIMIT=300
============================================================
[2026-06-25 03:00:00] START: COLIBRI missing client details
CMD: sudo -u apache /usr/bin/php www/scripts/mvp/app/Forwarder/run_package_details.php --connector-id=2 --source=missing-clients --limit=300
============================================================
{
    "status": "ok",
    "connector_id": 2,
    "connector_key": "colibri_az",
    "source": "missing-clients",
    "processed": 291,
    "touched": 291,
    "complete": 0,
    "partial": 0,
    "nodata": 0,
    "skipped": 0,
    "errors": 291,
    "first_errors": [
        "client_id=413555 track=H1025023070900801044: package_exist=false",
        "client_id=413604 track=3388675782720631684200871908498802: package_exist=false",
        "client_id=413637 track=00340433926702206506: package_exist=false",
        "client_id=413642 track=H1019000466412701044: package_exist=false",
        "client_id=413646 track=H1025022878190501044: package_exist=false",
        "client_id=413649 track=00340434310018906615: package_exist=false",
        "client_id=413664 track=00340434760823209577: package_exist=false",
        "client_id=413675 track=00340434713282904224: package_exist=false",
        "client_id=413700 track=H1028910611362001044: package_exist=false",
        "client_id=413707 track=00340434796978366711: package_exist=false"
    ]
}
[2026-06-25 03:02:37] END: COLIBRI missing client details, rc=0
============================================================
[2026-06-25 03:02:37] START: ASER missing client details
CMD: sudo -u apache /usr/bin/php www/scripts/mvp/app/Forwarder/run_package_details.php --connector-id=7 --source=missing-clients --limit=300
============================================================
{
    "status": "ok",
    "connector_id": 7,
    "connector_key": "aser_az",
    "source": "missing-clients",
    "processed": 0,
    "touched": 0,
    "complete": 0,
    "partial": 0,
    "nodata": 0,
    "skipped": 0,
    "errors": 0,
    "first_errors": []
}
[2026-06-25 03:02:37] END: ASER missing client details, rc=0
============================================================
[2026-06-25 03:02:37] START: COLIBRI warehouse label payloads
CMD: sudo -u apache /usr/bin/php www/scripts/warehouse/prepare_out_label_payloads.php --connector-id=2 --limit=300
============================================================
{
    "status": "ok",
    "processed": 0,
    "ready": 0,
    "partial": 0,
    "errors": 0
}
[2026-06-25 03:02:38] END: COLIBRI warehouse label payloads, rc=0
============================================================
[2026-06-25 03:02:38] START: ASER warehouse label payloads
CMD: sudo -u apache /usr/bin/php www/scripts/warehouse/prepare_out_label_payloads.php --connector-id=7 --limit=300
============================================================
{
    "status": "ok",
    "processed": 0,
    "ready": 0,
    "partial": 0,
    "errors": 0
}
[2026-06-25 03:02:38] END: ASER warehouse label payloads, rc=0
============================================================
Finished. Failed steps: 0
Log: /home/cells/web/storage/logs/payload_prepare_20260625_030000.log
============================================================
