Payload prepare run started at 2026-06-25 18:30:00
WEB_DIR=/home/cells/web
CLIENT_LIMIT=300
ASER_CLIENT_LIMIT=300
PAYLOAD_LIMIT=300
============================================================
[2026-06-25 18:30:00] START: COLIBRI missing client details
CMD: sudo -u apache /usr/bin/php www/scripts/mvp/app/Forwarder/run_package_details.php --connector-id=2 --source=missing-clients --limit=300
============================================================
{
    "status": "ok",
    "connector_id": 2,
    "connector_key": "colibri_az",
    "source": "missing-clients",
    "processed": 6,
    "touched": 6,
    "complete": 2,
    "partial": 1,
    "nodata": 0,
    "skipped": 0,
    "errors": 3,
    "first_errors": [
        "client_id=111223 track=H1024563025792001044: package_exist=false",
        "client_id=111256 track=00340434284673173968: package_exist=false",
        "client_id=111295 track=H1033610100481301044: package_exist=false"
    ]
}
[2026-06-25 18:30:05] END: COLIBRI missing client details, rc=0
============================================================
[2026-06-25 18:30:05] START: ASER missing client details
CMD: sudo -u apache /usr/bin/php www/scripts/mvp/app/Forwarder/run_package_details.php --connector-id=7 --source=missing-clients --limit=300
============================================================
{
    "status": "ok",
    "connector_id": 7,
    "connector_key": "aser_az",
    "source": "missing-clients",
    "processed": 0,
    "touched": 0,
    "complete": 0,
    "partial": 0,
    "nodata": 0,
    "skipped": 0,
    "errors": 0,
    "first_errors": []
}
[2026-06-25 18:30:05] END: ASER missing client details, rc=0
============================================================
[2026-06-25 18:30:05] START: COLIBRI warehouse label payloads
CMD: sudo -u apache /usr/bin/php www/scripts/warehouse/prepare_out_label_payloads.php --connector-id=2 --limit=300
============================================================
{
    "status": "ok",
    "processed": 0,
    "ready": 0,
    "partial": 0,
    "errors": 0
}
[2026-06-25 18:30:06] END: COLIBRI warehouse label payloads, rc=0
============================================================
[2026-06-25 18:30:06] START: ASER warehouse label payloads
CMD: sudo -u apache /usr/bin/php www/scripts/warehouse/prepare_out_label_payloads.php --connector-id=7 --limit=300
============================================================
{
    "status": "ok",
    "processed": 0,
    "ready": 0,
    "partial": 0,
    "errors": 0
}
[2026-06-25 18:30:06] END: ASER warehouse label payloads, rc=0
============================================================
Finished. Failed steps: 0
Log: /home/cells/web/storage/logs/payload_prepare_20260625_183000.log
============================================================
