============================================================
[2026-06-19 19:30:00] START: Colibri missing client details
CMD: sudo -u apache /usr/bin/php www/scripts/mvp/app/Forwarder/run_package_details.php --connector-id=2 --source=missing-clients --limit=100
============================================================
{
    "status": "ok",
    "connector_id": 2,
    "connector_key": "colibri_az",
    "source": "missing-clients",
    "processed": 100,
    "updated": 100,
    "complete": 25,
    "partial": 0,
    "nodata": 0,
    "skipped": 0,
    "errors": 75,
    "first_errors": [
        "client_id=144102 track=00340434755346887463: package_exist=false",
        "client_id=144105 track=00340434714589872834: package_exist=false",
        "client_id=144131 track=JJD000030102964000104787748: package_exist=false",
        "client_id=144202 track=155629428248: package_exist=false",
        "client_id=144223 track=%006454608448872347184136276: package_exist=false",
        "client_id=144246 track=458356753045: package_exist=false",
        "client_id=144274 track=%006454605212976793201328276: package_exist=false",
        "client_id=144397 track=%006454604143181179489328276: package_exist=false",
        "client_id=144436 track=H1024563168581401044: package_exist=false",
        "client_id=144442 track=00340435065706021925: package_exist=false"
    ]
}
[2026-06-19 19:30:46] END: Colibri missing client details, rc=0
============================================================
[2026-06-19 19:30:46] START: Colibri warehouse label payloads
CMD: sudo -u apache /usr/bin/php www/scripts/warehouse/prepare_out_label_payloads.php --connector-id=2 --limit=100
============================================================
{
    "status": "ok",
    "processed": 1,
    "ready": 0,
    "partial": 1,
    "errors": 0
}
[2026-06-19 19:30:47] END: Colibri warehouse label payloads, rc=0
============================================================
[2026-06-19 19:30:47] START: ASER warehouse label payloads
CMD: sudo -u apache /usr/bin/php www/scripts/warehouse/prepare_out_label_payloads.php --connector-id=7 --limit=100
============================================================
{
    "status": "ok",
    "processed": 1,
    "ready": 0,
    "partial": 1,
    "errors": 0
}
[2026-06-19 19:30:48] END: ASER warehouse label payloads, rc=0
============================================================
Finished. Failed steps: 0
Log: /home/cells/web/storage/logs/payload_prepare_20260619_193000.log
============================================================
