Payload prepare run started at 2026-06-25 19:30:00
WEB_DIR=/home/cells/web
CLIENT_LIMIT=300
ASER_CLIENT_LIMIT=300
PAYLOAD_LIMIT=300
============================================================
[2026-06-25 19:30:00] START: COLIBRI missing client details
CMD: sudo -u apache /usr/bin/php www/scripts/mvp/app/Forwarder/run_package_details.php --connector-id=2 --source=missing-clients --limit=300
============================================================
{
    "status": "ok",
    "connector_id": 2,
    "connector_key": "colibri_az",
    "source": "missing-clients",
    "processed": 72,
    "touched": 72,
    "complete": 2,
    "partial": 0,
    "nodata": 0,
    "skipped": 0,
    "errors": 70,
    "first_errors": [
        "client_id=124921 track=00340434730282037950: package_exist=false",
        "client_id=124923 track=DE5466294530: package_exist=false",
        "client_id=124980 track=H1024551441309801044: package_exist=false",
        "client_id=125052 track=00340433926700977453: package_exist=false",
        "client_id=125127 track=155631632192: package_exist=false",
        "client_id=125142 track=00340434391950439652: package_exist=false",
        "client_id=125162 track=00340434499755868377: package_exist=false",
        "client_id=125184 track=00340434659173402441: package_exist=false",
        "client_id=125188 track=H1034540063557701044: package_exist=false",
        "client_id=125274 track=00340434681203055211: package_exist=false"
    ]
}
[2026-06-25 19:30:38] END: COLIBRI missing client details, rc=0
============================================================
[2026-06-25 19:30:38] START: ASER missing client details
CMD: sudo -u apache /usr/bin/php www/scripts/mvp/app/Forwarder/run_package_details.php --connector-id=7 --source=missing-clients --limit=300
============================================================
{
    "status": "ok",
    "connector_id": 7,
    "connector_key": "aser_az",
    "source": "missing-clients",
    "processed": 0,
    "touched": 0,
    "complete": 0,
    "partial": 0,
    "nodata": 0,
    "skipped": 0,
    "errors": 0,
    "first_errors": []
}
[2026-06-25 19:30:39] END: ASER missing client details, rc=0
============================================================
[2026-06-25 19:30:39] START: COLIBRI warehouse label payloads
CMD: sudo -u apache /usr/bin/php www/scripts/warehouse/prepare_out_label_payloads.php --connector-id=2 --limit=300
============================================================
{
    "status": "ok",
    "processed": 0,
    "ready": 0,
    "partial": 0,
    "errors": 0
}
[2026-06-25 19:30:39] END: COLIBRI warehouse label payloads, rc=0
============================================================
[2026-06-25 19:30:39] START: ASER warehouse label payloads
CMD: sudo -u apache /usr/bin/php www/scripts/warehouse/prepare_out_label_payloads.php --connector-id=7 --limit=300
============================================================
{
    "status": "ok",
    "processed": 0,
    "ready": 0,
    "partial": 0,
    "errors": 0
}
[2026-06-25 19:30:39] END: ASER warehouse label payloads, rc=0
============================================================
Finished. Failed steps: 0
Log: /home/cells/web/storage/logs/payload_prepare_20260625_193000.log
============================================================
