============================================================
[2026-06-19 20:00:00] START: Colibri missing client details
CMD: sudo -u apache /usr/bin/php www/scripts/mvp/app/Forwarder/run_package_details.php --connector-id=2 --source=missing-clients --limit=100
============================================================
{
    "status": "ok",
    "connector_id": 2,
    "connector_key": "colibri_az",
    "source": "missing-clients",
    "processed": 100,
    "updated": 100,
    "complete": 12,
    "partial": 0,
    "nodata": 0,
    "skipped": 0,
    "errors": 88,
    "first_errors": [
        "client_id=146172 track=H1033370001783801044: package_exist=false",
        "client_id=146193 track=00340434697258946909: package_exist=false",
        "client_id=146194 track=00340434697257467542: package_exist=false",
        "client_id=146209 track=H1024563089580501044: package_exist=false",
        "client_id=146250 track=H1025022937843401044: package_exist=false",
        "client_id=146260 track=364236584482: package_exist=false",
        "client_id=146261 track=H1032310392930201044: package_exist=false",
        "client_id=146302 track=443153860492: package_exist=false",
        "client_id=146342 track=JJD149024440154000071952: package_exist=false",
        "client_id=146366 track=00340434697982011416: package_exist=false"
    ]
}
[2026-06-19 20:00:51] END: Colibri missing client details, rc=0
============================================================
[2026-06-19 20:00:51] START: Colibri warehouse label payloads
CMD: sudo -u apache /usr/bin/php www/scripts/warehouse/prepare_out_label_payloads.php --connector-id=2 --limit=100
============================================================
{
    "status": "ok",
    "processed": 1,
    "ready": 0,
    "partial": 1,
    "errors": 0
}
[2026-06-19 20:00:52] END: Colibri warehouse label payloads, rc=0
============================================================
[2026-06-19 20:00:52] START: ASER warehouse label payloads
CMD: sudo -u apache /usr/bin/php www/scripts/warehouse/prepare_out_label_payloads.php --connector-id=7 --limit=100
============================================================
{
    "status": "ok",
    "processed": 1,
    "ready": 0,
    "partial": 1,
    "errors": 0
}
[2026-06-19 20:00:52] END: ASER warehouse label payloads, rc=0
============================================================
Finished. Failed steps: 0
Log: /home/cells/web/storage/logs/payload_prepare_20260619_200000.log
============================================================
