Payload prepare run started at 2026-06-24 00:30:00
WEB_DIR=/home/cells/web
CLIENT_LIMIT=300
ASER_CLIENT_LIMIT=300
PAYLOAD_LIMIT=300
============================================================
[2026-06-24 00:30:00] START: COLIBRI missing client details
CMD: sudo -u apache /usr/bin/php www/scripts/mvp/app/Forwarder/run_package_details.php --connector-id=2 --source=missing-clients --limit=300
============================================================
{
    "status": "ok",
    "connector_id": 2,
    "connector_key": "colibri_az",
    "source": "missing-clients",
    "processed": 290,
    "touched": 290,
    "complete": 1,
    "partial": 0,
    "nodata": 0,
    "skipped": 0,
    "errors": 289,
    "first_errors": [
        "client_id=179228 track=H1024563191292401044: package_exist=false",
        "client_id=179239 track=00340433911510933720: package_exist=false",
        "client_id=179280 track=00340434694760966975: package_exist=false",
        "client_id=179287 track=H1024563047237001044: package_exist=false",
        "client_id=179334 track=H1024563077528001044: package_exist=false",
        "client_id=179360 track=00340434298178126923: package_exist=false",
        "client_id=179374 track=%006454611766852914329327276: package_exist=false",
        "client_id=179398 track=DE5462065589: package_exist=false",
        "client_id=179401 track=H1024563250003701044: package_exist=false",
        "client_id=179457 track=DE5473232984: package_exist=false"
    ]
}
[2026-06-24 00:32:28] END: COLIBRI missing client details, rc=0
============================================================
[2026-06-24 00:32:28] START: ASER missing client details
CMD: sudo -u apache /usr/bin/php www/scripts/mvp/app/Forwarder/run_package_details.php --connector-id=7 --source=missing-clients --limit=300
============================================================
{
    "status": "ok",
    "connector_id": 7,
    "connector_key": "aser_az",
    "source": "missing-clients",
    "processed": 135,
    "touched": 135,
    "complete": 1,
    "partial": 0,
    "nodata": 0,
    "skipped": 0,
    "errors": 134,
    "first_errors": [
        "client_id=223477 track=H1024571276519801044: package_exist=false",
        "client_id=223480 track=1222282581660931684200381196905968: package_exist=false",
        "client_id=223482 track=1Z95152V6810151392: package_exist=false",
        "client_id=223489 track=1Z95152V6810150777: package_exist=false",
        "client_id=223561 track=00340434725168565047: package_exist=false",
        "client_id=223654 track=00340434731260370564: package_exist=false",
        "client_id=223712 track=H1024563271049301044: package_exist=false",
        "client_id=223720 track=H1033370002430401044: package_exist=false",
        "client_id=223753 track=00340434799608097443: package_exist=false",
        "client_id=223754 track=H1033370002791201044: package_exist=false"
    ]
}
[2026-06-24 00:33:22] END: ASER missing client details, rc=0
============================================================
[2026-06-24 00:33:22] START: COLIBRI warehouse label payloads
CMD: sudo -u apache /usr/bin/php www/scripts/warehouse/prepare_out_label_payloads.php --connector-id=2 --limit=300
============================================================
{
    "status": "ok",
    "processed": 0,
    "ready": 0,
    "partial": 0,
    "errors": 0
}
[2026-06-24 00:33:22] END: COLIBRI warehouse label payloads, rc=0
============================================================
[2026-06-24 00:33:22] START: ASER warehouse label payloads
CMD: sudo -u apache /usr/bin/php www/scripts/warehouse/prepare_out_label_payloads.php --connector-id=7 --limit=300
============================================================
{
    "status": "ok",
    "processed": 0,
    "ready": 0,
    "partial": 0,
    "errors": 0
}
[2026-06-24 00:33:23] END: ASER warehouse label payloads, rc=0
============================================================
Finished. Failed steps: 0
Log: /home/cells/web/storage/logs/payload_prepare_20260624_003000.log
============================================================
